<?xml version="1.0" encoding="UTF-8" standalone="yes"?>
<testsuites time="0.101" tests="1" failures="0" errors="1">
    <testsuite tests="1" failures="0" errors="1" time="0.101" timestamp="2021-05-09T14:09:40">
        <properties>
[...]
</properties>
        <testcase name="ReversiModel" time="0.101" classname="com.mbt.ReversiModel">
            <error type="java.lang.AssertionError" message="expected:&lt;true&gt; but was:&lt;false&gt;">
                java.lang.AssertionError: expected:&lt;true&gt; but was:&lt;false&gt;
                	at org.junit.Assert.fail(Assert.java:88)
                	at org.junit.Assert.failNotEquals(Assert.java:834)
                	at org.junit.Assert.assertEquals(Assert.java:118)
                	at org.junit.Assert.assertEquals(Assert.java:144)
                	at com.mbt.ReversiModel.v_PlayerTurn(ReversiModel.java:65)
                	at jdk.nashorn.internal.scripts.Script$Recompilation$15$375$\^eval\_.v_PlayerTurn(&lt;eval&gt;:1)
                	at jdk.nashorn.internal.scripts.Script$14$\^eval\_.:program(&lt;eval&gt;:1)
                	at jdk.nashorn.internal.runtime.ScriptFunctionData.invoke(ScriptFunctionData.java:637)
                	at jdk.nashorn.internal.runtime.ScriptFunction.invoke(ScriptFunction.java:494)
                	at jdk.nashorn.internal.runtime.ScriptRuntime.apply(ScriptRuntime.java:393)
                	at jdk.nashorn.api.scripting.NashornScriptEngine.evalImpl(NashornScriptEngine.java:449)
                	at jdk.nashorn.api.scripting.NashornScriptEngine.evalImpl(NashornScriptEngine.java:406)
                	at jdk.nashorn.api.scripting.NashornScriptEngine.evalImpl(NashornScriptEngine.java:402)
                	at jdk.nashorn.api.scripting.NashornScriptEngine.eval(NashornScriptEngine.java:155)
                	at javax.script.AbstractScriptEngine.eval(AbstractScriptEngine.java:264)
                	at org.graphwalker.core.machine.ExecutionContext.execute(ExecutionContext.java:300)
                	at org.graphwalker.core.machine.SimpleMachine.execute(SimpleMachine.java:290)
                	at org.graphwalker.core.machine.SimpleMachine.execute(SimpleMachine.java:265)
                	at org.graphwalker.core.machine.SimpleMachine.getNextStep(SimpleMachine.java:105)
                	at org.graphwalker.java.test.TestExecutor.execute(TestExecutor.java:199)
                	at sun.reflect.NativeMethodAccessorImpl.invoke0(Native Method)
                	at sun.reflect.NativeMethodAccessorImpl.invoke(NativeMethodAccessorImpl.java:62)
                	at sun.reflect.DelegatingMethodAccessorImpl.invoke(DelegatingMethodAccessorImpl.java:43)
                	at java.lang.reflect.Method.invoke(Method.java:498)
                	at org.graphwalker.java.test.Reflections.invoke(Reflections.java:74)
                	at org.graphwalker.java.test.Reflector.execute(Reflector.java:125)
                	at org.graphwalker.maven.plugin.TestMojo.execute(TestMojo.java:153)
                	at org.apache.maven.plugin.DefaultBuildPluginManager.executeMojo(DefaultBuildPluginManager.java:137)
                	at org.apache.maven.lifecycle.internal.MojoExecutor.execute(MojoExecutor.java:210)
                	at org.apache.maven.lifecycle.internal.MojoExecutor.execute(MojoExecutor.java:156)
                	at org.apache.maven.lifecycle.internal.MojoExecutor.execute(MojoExecutor.java:148)
                	at org.apache.maven.lifecycle.internal.LifecycleModuleBuilder.buildProject(LifecycleModuleBuilder.java:117)
                	at org.apache.maven.lifecycle.internal.LifecycleModuleBuilder.buildProject(LifecycleModuleBuilder.java:81)
                	at org.apache.maven.lifecycle.internal.builder.singlethreaded.SingleThreadedBuilder.build(SingleThreadedBuilder.java:56)
                	at org.apache.maven.lifecycle.internal.LifecycleStarter.execute(LifecycleStarter.java:128)
                	at org.apache.maven.DefaultMaven.doExecute(DefaultMaven.java:305)
                	at org.apache.maven.DefaultMaven.doExecute(DefaultMaven.java:192)
                	at org.apache.maven.DefaultMaven.execute(DefaultMaven.java:105)
                	at org.apache.maven.cli.MavenCli.execute(MavenCli.java:957)
                	at org.apache.maven.cli.MavenCli.doMain(MavenCli.java:289)
                	at org.apache.maven.cli.MavenCli.main(MavenCli.java:193)
                	at sun.reflect.NativeMethodAccessorImpl.invoke0(Native Method)
                	at sun.reflect.NativeMethodAccessorImpl.invoke(NativeMethodAccessorImpl.java:62)
                	at sun.reflect.DelegatingMethodAccessorImpl.invoke(DelegatingMethodAccessorImpl.java:43)
                	at java.lang.reflect.Method.invoke(Method.java:498)
                	at org.codehaus.plexus.classworlds.launcher.Launcher.launchEnhanced(Launcher.java:282)
                	at org.codehaus.plexus.classworlds.launcher.Launcher.launch(Launcher.java:225)
                	at org.codehaus.plexus.classworlds.launcher.Launcher.mainWithExitCode(Launcher.java:406)
                	at org.codehaus.plexus.classworlds.launcher.Launcher.main(Launcher.java:347)
</error>
        </testcase>
    </testsuite>
</testsuites>
